[2026-04-15T18:55:08.574Z] 🛰️  USUARIOS: Petición #3 detectada: GET /
[2026-04-15T18:55:34.834Z] 🛰️  REPORTES: Petición #3 detectada: GET /
[2026-04-15T18:55:39.643Z] 🛰️  INVENTARIO: Petición #3 detectada: GET /
[2026-04-17T18:20:40.649Z] 🛰️  INVENTARIO: Petición #3 detectada: POST /add
[2026-04-17T18:20:48.095Z] 🛰️  USUARIOS: Petición #3 detectada: GET /
[2026-04-17T18:20:53.605Z] 🛰️  INVENTARIO: Petición #6 detectada: POST /add
[2026-04-17T18:29:00.628Z] 🛰️  INVENTARIO: Petición #3 detectada: POST /add
[2026-04-17T18:29:03.642Z] 🛰️  INVENTARIO: Petición #6 detectada: POST /add
[2026-04-17T18:29:17.391Z] 🛰️  INVENTARIO: Petición #9 detectada: POST /add
[2026-04-17T18:29:27.403Z] 🛰️  INVENTARIO: Petición #12 detectada: GET /
[2026-04-17T18:29:27.734Z] 🛰️  USUARIOS: Petición #3 detectada: GET /
[2026-04-17T18:29:28.207Z] 🛰️  INVENTARIO: Petición #15 detectada: GET /
[2026-04-17T18:29:47.238Z] 🛰️  INVENTARIO: Petición #18 detectada: POST /add
[2026-04-17T18:29:48.461Z] 🛰️  INVENTARIO: Petición #21 detectada: POST /add
[2026-04-17T18:29:48.919Z] 🛰️  INVENTARIO: Petición #24 detectada: POST /add
[2026-04-17T18:29:57.244Z] 🛰️  INVENTARIO: Petición #27 detectada: POST /add
[2026-04-17T18:29:58.925Z] 🛰️  INVENTARIO: Petición #30 detectada: GET /
[2026-04-17T18:30:07.250Z] 🛰️  INVENTARIO: Petición #33 detectada: GET /
[2026-04-17T18:30:08.930Z] 🛰️  INVENTARIO: Petición #36 detectada: GET /
[2026-04-17T18:30:17.255Z] 🛰️  INVENTARIO: Petición #39 detectada: GET /
[2026-04-17T18:44:59.511Z] 🛰️  INVENTARIO: Petición #3 detectada: POST /add
[2026-04-17T18:45:01.404Z] 🛰️  INVENTARIO: Petición #6 detectada: POST /add
[2026-04-17T18:45:10.502Z] 🛰️  INVENTARIO: Petición #9 detectada: GET /
[2026-04-17T18:52:18.815Z] 🛰️  INVENTARIO: Petición #3 detectada: GET /
[2026-04-17T18:52:27.226Z] 🛰️  USUARIOS: Petición #3 detectada: GET /
[2026-04-26T05:40:20.187Z] 🛰️  USUARIOS: Petición #3 detectada: POST /login
[2026-04-26T05:41:02.243Z] 🛰️  USUARIOS: Petición #6 detectada: POST /login
[2026-04-26T05:52:31.082Z] 🛰️  USUARIOS: Petición #9 detectada: POST /login
[2026-04-26T05:53:10.037Z] 🛰️  USUARIOS: Petición #12 detectada: POST /login
[2026-04-26T06:08:07.141Z] 🛰️  USUARIOS: Petición #15 detectada: DELETE /69e297112849eb57d1341ddb
[2026-04-26T06:08:41.232Z] 🛰️  USUARIOS: Petición #18 detectada: GET /
[2026-04-26T06:10:01.330Z] 🛰️  USUARIOS: Petición #21 detectada: POST /login
[2026-04-26T06:10:26.066Z] 🛰️  USUARIOS: Petición #24 detectada: POST /login
[2026-04-26T06:11:17.916Z] 🛰️  USUARIOS: Petición #27 detectada: POST /login
[2026-04-26T06:22:11.991Z] 🛰️  USUARIOS: Petición #30 detectada: GET /
[2026-04-26T06:26:04.740Z] 🛰️  INVENTARIO: Petición #3 detectada: GET /
[2026-04-26T06:40:00.546Z] 🛰️  INVENTARIO: Petición #3 detectada: GET /
[2026-04-26T06:45:33.080Z] 🛰️  INVENTARIO: Petición #3 detectada: GET /
[2026-04-26T07:04:57.802Z] 🛰️  INVENTARIO: Petición #6 detectada: GET /
[2026-04-26T07:05:08.062Z] 🛰️  REPORTES: Petición #3 detectada: GET /stats
[2026-04-26T07:05:17.923Z] 🛰️  REPORTES: Petición #6 detectada: GET /logs
[2026-04-26T07:05:35.386Z] 🛰️  INVENTARIO: Petición #9 detectada: GET /
[2026-04-26T07:06:04.476Z] 🛰️  INVENTARIO: Petición #12 detectada: GET /
[2026-04-26T07:15:10.470Z] 🛰️ INVENTARIO: Luis Elian realizó PUT en /69edb48d478cfc823bc1b8ea
[2026-04-26T07:40:39.031Z] 🛰️ USUARIOS: Sistema -> PUT en /69dfd3197d0aa3f6e7e55d03
[2026-04-26T07:41:09.957Z] 🛰️ USUARIOS: Sistema -> POST en /login
[2026-04-26T07:41:49.178Z] 🛰️ INVENTARIO: Luis Elian -> POST en /add
[2026-04-26T08:00:19.089Z] 🛰️ USUARIOS: Sistema -> POST en /login
[2026-04-26T08:00:35.399Z] 🛰️ USUARIOS: Sistema -> POST en /login
[2026-04-26T08:16:08.185Z] 🛰️ USUARIOS: Sistema -> POST en /login
[2026-04-26T08:16:45.569Z] 🛰️ USUARIOS: Sistema -> POST en /login
[2026-04-26T08:17:10.781Z] 🛰️ INVENTARIO: Luis Elian -> POST en /add
[2026-04-26T08:17:36.576Z] 🛰️ USUARIOS: Sistema -> POST en /login
